// 重构日志: af0cd741
// 重构日志: e6bf7583
// 重构日志: 9250d772
// 重构日志: 14b10b3d
// 同步 ID: b3e185a9 @ Wed Jul 15 14:57:21 UTC 2026
// 重构日志: 7f94751e
// 重构日志: 38a68135
// 重构日志: 472e9b6a
// 同步 ID: f08cba6b @ Fri Jul 17 17:13:23 UTC 2026
// 重构日志: 6c604c57
// 重构日志: d1693900
// 重构日志: 5c341914
// 重构日志: d44f6c64
// 重构日志: b266b03e
// 同步 ID: f3850932 @ Sun Jul 19 06:33:10 UTC 2026
// 重构日志: 1858d27a
// 重构日志: c95dc737
// 重构日志: 6a933346
// 重构日志: 9ba727ff
// 重构日志: 20eec47d
// 重构日志: ffe4401b
// 重构日志: 076e7c2a
// 重构日志: aa5d8d88
// 重构日志: 82aef08c
// 重构日志: dcbd1567
// 重构日志: 84842a54
// 同步 ID: f9e79c7c @ Wed Jul 22 11:42:51 UTC 2026
// 重构日志: a37de833
// 重构日志: fe26783b
// 同步 ID: 06a9029c @ Thu Jul 23 21:07:02 UTC 2026
